C51 COMPILER V9.00   DELAY_FUN                                                             10/07/2018 23:13:32 PAGE 1   


C51 COMPILER V9.00, COMPILATION OF MODULE DELAY_FUN
OBJECT MODULE PLACED IN delay_fun.OBJ
COMPILER INVOKED BY: F:\Keil_v5\C51\BIN\C51.EXE delay_fun.c BROWSE INCDIR(E:\mifi_prj) DEBUG OBJECTEXTEND

line level    source

   1          #include "stc8.h"
   2          #include "delay_fun.h"
   3          
   4          
   5          void delayms(unsigned int m){
   6   1              int  a, b;
   7   1              for(a=0;a<5000;a++)
   8   1              for(b=0;b<m;b++);
   9   1      }
  10          
  11          //ÑÓÊ±10*nÎ¢Ãë  
  12          void delay_10us(unsigned int n)  
  13          {  
  14   1          unsigned int i=0;  
  15   1          char j=0;  
  16   1          for(i=0;i<n;i++)  
  17   1              for(j=0;j<2;j++);  
  18   1      } 
  19                  


MODULE INFORMATION:   STATIC OVERLAYABLE
   CODE SIZE        =     56    ----
   CONSTANT SIZE    =   ----    ----
   XDATA SIZE       =   ----    ----
   PDATA SIZE       =   ----    ----
   DATA SIZE        =   ----    ----
   IDATA SIZE       =   ----    ----
   BIT SIZE         =   ----    ----
END OF MODULE INFORMATION.


C51 COMPILATION COMPLETE.  0 WARNING(S),  0 ERROR(S)
