C51 COMPILER V9.00   DISPLAY                                                               09/27/2018 08:56:19 PAGE 1   


C51 COMPILER V9.00, COMPILATION OF MODULE DISPLAY
OBJECT MODULE PLACED IN display.OBJ
COMPILER INVOKED BY: F:\Keil_v5\C51\BIN\C51.EXE display.c BROWSE INCDIR(E:\mifi_prj) DEBUG OBJECTEXTEND

line level    source

   1          #include "display.h"
   2          
   3          void init(void){
   4   1              
   5   1      }


MODULE INFORMATION:   STATIC OVERLAYABLE
   CODE SIZE        =      1    ----
   CONSTANT SIZE    =   ----    ----
   XDATA SIZE       =   ----    ----
   PDATA SIZE       =   ----    ----
   DATA SIZE        =   ----    ----
   IDATA SIZE       =   ----    ----
   BIT SIZE         =   ----    ----
END OF MODULE INFORMATION.


C51 COMPILATION COMPLETE.  0 WARNING(S),  0 ERROR(S)
