C51 COMPILER V9.00   MAIN                                                                  09/27/2018 08:49:30 PAGE 1   


C51 COMPILER V9.00, COMPILATION OF MODULE MAIN
OBJECT MODULE PLACED IN main.OBJ
COMPILER INVOKED BY: F:\Keil_v5\C51\BIN\C51.EXE main.c BROWSE INCDIR(E:\mifi_prj) DEBUG OBJECTEXTEND

line level    source

   1          /*
   2          MIFI project
   3          author:tiejiang
   4          
   5          */
   6          #include "stc8.h"
   7          
   8          
   9          void delayms(unsigned int m)
  10               {
  11   1                int  a, b;
  12   1      
  13   1               for(a=0;a<5000;a++)
  14   1               for(b=0;b<m;b++);
  15   1                 
  16   1               }
  17          
  18          
  19          
  20          main()
  21          {
  22   1      
  23   1      while(1)
  24   1      {
  25   2        P55=0;
  26   2        delayms(50);
  27   2        P55=1;
  28   2        delayms(50);
  29   2      
  30   2      }
  31   1      }
  32          


MODULE INFORMATION:   STATIC OVERLAYABLE
   CODE SIZE        =     48    ----
   CONSTANT SIZE    =   ----    ----
   XDATA SIZE       =   ----    ----
   PDATA SIZE       =   ----    ----
   DATA SIZE        =   ----    ----
   IDATA SIZE       =   ----    ----
   BIT SIZE         =   ----    ----
END OF MODULE INFORMATION.


C51 COMPILATION COMPLETE.  0 WARNING(S),  0 ERROR(S)
